  ConsoleApplication1.cpp
C:\Program Files\Microsoft Visual Studio\2022\Community\VC\Tools\MSVC\14.38.33130\include\filesystem(12): warning STL4038: The contents of <filesystem> are available only with C++17 or later.
C:\Users\Levashov\source\repos\ConsoleApplication1\ConsoleApplication1\Header.h(15,21): error C2039: "filesystem": не является членом "std".
  (компиляция исходного файла "ConsoleApplication1.cpp")
  C:\Program Files\Microsoft Visual Studio\2022\Community\VC\Tools\MSVC\14.38.33130\include\string(23,1):
   см. объявление "std"
  
C:\Users\Levashov\source\repos\ConsoleApplication1\ConsoleApplication1\Header.h(15,21): error C2878: filesystem: пространство имен или класс с таким именем не существует
  (компиляция исходного файла "ConsoleApplication1.cpp")
  
C:\Users\Levashov\source\repos\ConsoleApplication1\ConsoleApplication1\Header.h(17,22): error C2653: fs: не является именем класса или пространства имен
  (компиляция исходного файла "ConsoleApplication1.cpp")
  
C:\Users\Levashov\source\repos\ConsoleApplication1\ConsoleApplication1\Header.h(17,30): error C4430: отсутствует спецификатор типа - предполагается int. Примечание. C++ не поддерживает int по умолчанию
  (компиляция исходного файла "ConsoleApplication1.cpp")
  
C:\Users\Levashov\source\repos\ConsoleApplication1\ConsoleApplication1\Header.h(17,30): error C2143: синтаксическая ошибка: отсутствие "," перед "&"
  (компиляция исходного файла "ConsoleApplication1.cpp")
  
C:\Users\Levashov\source\repos\ConsoleApplication1\ConsoleApplication1\Header.h(18,28): error C2065: source_dir: необъявленный идентификатор
  (компиляция исходного файла "ConsoleApplication1.cpp")
  
C:\Users\Levashov\source\repos\ConsoleApplication1\ConsoleApplication1\Header.h(19,33): error C2065: destination_dir: необъявленный идентификатор
  (компиляция исходного файла "ConsoleApplication1.cpp")
  
C:\Users\Levashov\source\repos\ConsoleApplication1\ConsoleApplication1\Header.h(33,20): error C2653: fs: не является именем класса или пространства имен
  (компиляция исходного файла "ConsoleApplication1.cpp")
  
C:\Users\Levashov\source\repos\ConsoleApplication1\ConsoleApplication1\Header.h(33,28): error C4430: отсутствует спецификатор типа - предполагается int. Примечание. C++ не поддерживает int по умолчанию
  (компиляция исходного файла "ConsoleApplication1.cpp")
  
C:\Users\Levashov\source\repos\ConsoleApplication1\ConsoleApplication1\Header.h(33,28): error C2143: синтаксическая ошибка: отсутствие "," перед "&"
  (компиляция исходного файла "ConsoleApplication1.cpp")
  
C:\Users\Levashov\source\repos\ConsoleApplication1\ConsoleApplication1\Header.h(35,3): error C2653: fs: не является именем класса или пространства имен
  (компиляция исходного файла "ConsoleApplication1.cpp")
  
C:\Users\Levashov\source\repos\ConsoleApplication1\ConsoleApplication1\Header.h(35,26): error C2065: destination_path: необъявленный идентификатор
  (компиляция исходного файла "ConsoleApplication1.cpp")
  
C:\Users\Levashov\source\repos\ConsoleApplication1\ConsoleApplication1\Header.h(35,7): error C3861: create_directories: идентификатор не найден
  (компиляция исходного файла "ConsoleApplication1.cpp")
  
C:\Users\Levashov\source\repos\ConsoleApplication1\ConsoleApplication1\Header.h(37,28): error C2653: fs: не является именем класса или пространства имен
  (компиляция исходного файла "ConsoleApplication1.cpp")
  
C:\Users\Levashov\source\repos\ConsoleApplication1\ConsoleApplication1\Header.h(37,3): error C2530: entry: ссылки должны быть инициализированы
  (компиляция исходного файла "ConsoleApplication1.cpp")
  
C:\Users\Levashov\source\repos\ConsoleApplication1\ConsoleApplication1\Header.h(37,3): error C3531: entry: символ, тип которого содержит спецификатор 'auto' должен иметь инициализатор
  (компиляция исходного файла "ConsoleApplication1.cpp")
  
C:\Users\Levashov\source\repos\ConsoleApplication1\ConsoleApplication1\Header.h(37,26): error C2143: синтаксическая ошибка: отсутствие ";" перед ":"
  (компиляция исходного файла "ConsoleApplication1.cpp")
  
C:\Users\Levashov\source\repos\ConsoleApplication1\ConsoleApplication1\Header.h(37,51): error C2065: source_dir: необъявленный идентификатор
  (компиляция исходного файла "ConsoleApplication1.cpp")
  
C:\Users\Levashov\source\repos\ConsoleApplication1\ConsoleApplication1\Header.h(37,32): error C3861: directory_iterator: идентификатор не найден
  (компиляция исходного файла "ConsoleApplication1.cpp")
  
C:\Users\Levashov\source\repos\ConsoleApplication1\ConsoleApplication1\Header.h(37,62): error C2143: синтаксическая ошибка: отсутствие ";" перед ")"
  (компиляция исходного файла "ConsoleApplication1.cpp")
  
C:\Users\Levashov\source\repos\ConsoleApplication1\ConsoleApplication1\Header.h(38,10): error C2653: fs: не является именем класса или пространства имен
  (компиляция исходного файла "ConsoleApplication1.cpp")
  
C:\Users\Levashov\source\repos\ConsoleApplication1\ConsoleApplication1\Header.h(38,18): error C4430: отсутствует спецификатор типа - предполагается int. Примечание. C++ не поддерживает int по умолчанию
  (компиляция исходного файла "ConsoleApplication1.cpp")
  
C:\Users\Levashov\source\repos\ConsoleApplication1\ConsoleApplication1\Header.h(38,18): error C2143: синтаксическая ошибка: отсутствие ";" перед "&"
  (компиляция исходного файла "ConsoleApplication1.cpp")
  
C:\Users\Levashov\source\repos\ConsoleApplication1\ConsoleApplication1\Header.h(38,20): error C2065: sourceFilePath: необъявленный идентификатор
  (компиляция исходного файла "ConsoleApplication1.cpp")
  
C:\Users\Levashov\source\repos\ConsoleApplication1\ConsoleApplication1\Header.h(39,10): error C2653: fs: не является именем класса или пространства имен
  (компиляция исходного файла "ConsoleApplication1.cpp")
  
C:\Users\Levashov\source\repos\ConsoleApplication1\ConsoleApplication1\Header.h(39,18): error C4430: отсутствует спецификатор типа - предполагается int. Примечание. C++ не поддерживает int по умолчанию
  (компиляция исходного файла "ConsoleApplication1.cpp")
  
C:\Users\Levashov\source\repos\ConsoleApplication1\ConsoleApplication1\Header.h(39,18): error C2143: синтаксическая ошибка: отсутствие ";" перед "&"
  (компиляция исходного файла "ConsoleApplication1.cpp")
  
C:\Users\Levashov\source\repos\ConsoleApplication1\ConsoleApplication1\Header.h(39,14): error C2086: const int path: переопределение
  (компиляция исходного файла "ConsoleApplication1.cpp")
  C:\Users\Levashov\source\repos\ConsoleApplication1\ConsoleApplication1\Header.h(38,14):
   см. объявление "path"
  
C:\Users\Levashov\source\repos\ConsoleApplication1\ConsoleApplication1\Header.h(39,20): error C2065: destinationFilePath: необъявленный идентификатор
  (компиляция исходного файла "ConsoleApplication1.cpp")
  
C:\Users\Levashov\source\repos\ConsoleApplication1\ConsoleApplication1\Header.h(39,42): error C2065: destination_path: необъявленный идентификатор
  (компиляция исходного файла "ConsoleApplication1.cpp")
  
C:\Users\Levashov\source\repos\ConsoleApplication1\ConsoleApplication1\Header.h(39,61): error C2065: sourceFilePath: необъявленный идентификатор
  (компиляция исходного файла "ConsoleApplication1.cpp")
  
C:\Users\Levashov\source\repos\ConsoleApplication1\ConsoleApplication1\Header.h(41,8): error C2653: fs: не является именем класса или пространства имен
  (компиляция исходного файла "ConsoleApplication1.cpp")
  
C:\Users\Levashov\source\repos\ConsoleApplication1\ConsoleApplication1\Header.h(41,25): error C2065: sourceFilePath: необъявленный идентификатор
  (компиляция исходного файла "ConsoleApplication1.cpp")
  
C:\Users\Levashov\source\repos\ConsoleApplication1\ConsoleApplication1\Header.h(41,12): error C3861: is_directory: идентификатор не найден
  (компиляция исходного файла "ConsoleApplication1.cpp")
  
C:\Users\Levashov\source\repos\ConsoleApplication1\ConsoleApplication1\Header.h(42,13): error C2065: sourceFilePath: необъявленный идентификатор
  (компиляция исходного файла "ConsoleApplication1.cpp")
  
C:\Users\Levashov\source\repos\ConsoleApplication1\ConsoleApplication1\Header.h(42,29): error C2065: destinationFilePath: необъявленный идентификатор
  (компиляция исходного файла "ConsoleApplication1.cpp")
  
C:\Users\Levashov\source\repos\ConsoleApplication1\ConsoleApplication1\Header.h(44,18): error C2065: sourceFilePath: необъявленный идентификатор
  (компиляция исходного файла "ConsoleApplication1.cpp")
  
C:\Users\Levashov\source\repos\ConsoleApplication1\ConsoleApplication1\Header.h(47,15): error C2065: sourceFilePath: необъявленный идентификатор
  (компиляция исходного файла "ConsoleApplication1.cpp")
  
C:\Users\Levashov\source\repos\ConsoleApplication1\ConsoleApplication1\Header.h(47,31): error C2065: destinationFilePath: необъявленный идентификатор
  (компиляция исходного файла "ConsoleApplication1.cpp")
  
C:\Users\Levashov\source\repos\ConsoleApplication1\ConsoleApplication1\Header.h(48,18): error C2065: sourceFilePath: необъявленный идентификатор
  (компиляция исходного файла "ConsoleApplication1.cpp")
  
C:\Users\Levashov\source\repos\ConsoleApplication1\ConsoleApplication1\Header.h(52,9): error C2653: fs: не является именем класса или пространства имен
  (компиляция исходного файла "ConsoleApplication1.cpp")
  
C:\Users\Levashov\source\repos\ConsoleApplication1\ConsoleApplication1\Header.h(52,13): error C2061: синтаксическая ошибка: идентификатор "filesystem_error"
  (компиляция исходного файла "ConsoleApplication1.cpp")
  
C:\Users\Levashov\source\repos\ConsoleApplication1\ConsoleApplication1\Header.h(52,2): error C2310: в блоках catch должен быть указан один тип
  (компиляция исходного файла "ConsoleApplication1.cpp")
  
C:\Users\Levashov\source\repos\ConsoleApplication1\ConsoleApplication1\Header.h(53,33): error C2065: ex: необъявленный идентификатор
  (компиляция исходного файла "ConsoleApplication1.cpp")
  
C:\Users\Levashov\source\repos\ConsoleApplication1\ConsoleApplication1\Header.h(54,22): error C2065: ex: необъявленный идентификатор
  (компиляция исходного файла "ConsoleApplication1.cpp")
  
C:\Users\Levashov\source\repos\ConsoleApplication1\ConsoleApplication1\Header.h(55,32): error C2065: ex: необъявленный идентификатор
  (компиляция исходного файла "ConsoleApplication1.cpp")
  
C:\Users\Levashov\source\repos\ConsoleApplication1\ConsoleApplication1\Header.h(56,32): error C2065: ex: необъявленный идентификатор
  (компиляция исходного файла "ConsoleApplication1.cpp")
  
C:\Users\Levashov\source\repos\ConsoleApplication1\ConsoleApplication1\Header.h(57,32): error C2065: ex: необъявленный идентификатор
  (компиляция исходного файла "ConsoleApplication1.cpp")
  
C:\Users\Levashov\source\repos\ConsoleApplication1\ConsoleApplication1\ConsoleApplication1.cpp(34,7): error C2039: "vector": не является членом "std".
  C:\Program Files\Microsoft Visual Studio\2022\Community\VC\Tools\MSVC\14.38.33130\include\string(23,1):
   см. объявление "std"
  
C:\Users\Levashov\source\repos\ConsoleApplication1\ConsoleApplication1\ConsoleApplication1.cpp(34,7): error C2065: vector: необъявленный идентификатор
C:\Users\Levashov\source\repos\ConsoleApplication1\ConsoleApplication1\ConsoleApplication1.cpp(34,19): error C2275: "std::string": ожидается выражение вместо типа
C:\Users\Levashov\source\repos\ConsoleApplication1\ConsoleApplication1\ConsoleApplication1.cpp(34,27): error C2065: Folders: необъявленный идентификатор
C:\Users\Levashov\source\repos\ConsoleApplication1\ConsoleApplication1\ConsoleApplication1.cpp(37,8): error C2653: fs: не является именем класса или пространства имен
C:\Users\Levashov\source\repos\ConsoleApplication1\ConsoleApplication1\ConsoleApplication1.cpp(37,17): error C4430: отсутствует спецификатор типа - предполагается int. Примечание. C++ не поддерживает int по умолчанию
C:\Users\Levashov\source\repos\ConsoleApplication1\ConsoleApplication1\ConsoleApplication1.cpp(37,17): error C2146: синтаксическая ошибка: отсутствие ";" перед идентификатором "destinationPath"
C:\Users\Levashov\source\repos\ConsoleApplication1\ConsoleApplication1\ConsoleApplication1.cpp(37,17): error C2065: destinationPath: необъявленный идентификатор
C:\Users\Levashov\source\repos\ConsoleApplication1\ConsoleApplication1\ConsoleApplication1.cpp(42,71): error C2065: Folders: необъявленный идентификатор
C:\Users\Levashov\source\repos\ConsoleApplication1\ConsoleApplication1\ConsoleApplication1.cpp(45,9): error C2653: fs: не является именем класса или пространства имен
C:\Users\Levashov\source\repos\ConsoleApplication1\ConsoleApplication1\ConsoleApplication1.cpp(45,18): error C4430: отсутствует спецификатор типа - предполагается int. Примечание. C++ не поддерживает int по умолчанию
C:\Users\Levashov\source\repos\ConsoleApplication1\ConsoleApplication1\ConsoleApplication1.cpp(45,18): error C2146: синтаксическая ошибка: отсутствие ";" перед идентификатором "sourcePath"
C:\Users\Levashov\source\repos\ConsoleApplication1\ConsoleApplication1\ConsoleApplication1.cpp(45,18): error C2065: sourcePath: необъявленный идентификатор
C:\Users\Levashov\source\repos\ConsoleApplication1\ConsoleApplication1\ConsoleApplication1.cpp(45,37): error C2065: Folders: необъявленный идентификатор
C:\Users\Levashov\source\repos\ConsoleApplication1\ConsoleApplication1\ConsoleApplication1.cpp(46,11): error C2065: sourcePath: необъявленный идентификатор
C:\Users\Levashov\source\repos\ConsoleApplication1\ConsoleApplication1\ConsoleApplication1.cpp(46,23): error C2065: destinationPath: необъявленный идентификатор
